<?xml version="1.0" encoding="UTF-8"?>
<testsuite name="com.shopvintage.auctions.AuctionsApplicationTests" tests="1" skipped="0" failures="0" errors="0" timestamp="2021-02-18T01:59:06" hostname="Alfredos-MacBook-Pro.local" time="0.397">
  <properties/>
  <testcase name="contextLoads()" classname="com.shopvintage.auctions.AuctionsApplicationTests" time="0.397"/>
  <system-out><![CDATA[20:59:03.777 [Test worker] DEBUG org.springframework.test.context.BootstrapUtils - Instantiating CacheAwareContextLoaderDelegate from class [org.springframework.test.context.cache.DefaultCacheAwareContextLoaderDelegate]
20:59:03.789 [Test worker] DEBUG org.springframework.test.context.BootstrapUtils - Instantiating BootstrapContext using constructor [public org.springframework.test.context.support.DefaultBootstrapContext(java.lang.Class,org.springframework.test.context.CacheAwareContextLoaderDelegate)]
20:59:03.820 [Test worker] DEBUG org.springframework.test.context.BootstrapUtils - Instantiating TestContextBootstrapper for test class [com.shopvintage.auctions.AuctionsApplicationTests] from class [org.springframework.boot.test.context.SpringBootTestContextBootstrapper]
20:59:03.831 [Test worker] INFO org.springframework.boot.test.context.SpringBootTestContextBootstrapper - Neither @ContextConfiguration nor @ContextHierarchy found for test class [com.shopvintage.auctions.AuctionsApplicationTests], using SpringBootContextLoader
20:59:03.835 [Test worker] DEBUG org.springframework.test.context.support.AbstractContextLoader - Did not detect default resource location for test class [com.shopvintage.auctions.AuctionsApplicationTests]: class path resource [com/shopvintage/auctions/AuctionsApplicationTests-context.xml] does not exist
20:59:03.835 [Test worker] DEBUG org.springframework.test.context.support.AbstractContextLoader - Did not detect default resource location for test class [com.shopvintage.auctions.AuctionsApplicationTests]: class path resource [com/shopvintage/auctions/AuctionsApplicationTestsContext.groovy] does not exist
20:59:03.836 [Test worker] INFO org.springframework.test.context.support.AbstractContextLoader - Could not detect default resource locations for test class [com.shopvintage.auctions.AuctionsApplicationTests]: no resource found for suffixes {-context.xml, Context.groovy}.
20:59:03.837 [Test worker] INFO org.springframework.test.context.support.AnnotationConfigContextLoaderUtils - Could not detect default configuration classes for test class [com.shopvintage.auctions.AuctionsApplicationTests]: AuctionsApplicationTests does not declare any static, non-private, non-final, nested classes annotated with @Configuration.
20:59:03.875 [Test worker] DEBUG org.springframework.test.context.support.ActiveProfilesUtils - Could not find an 'annotation declaring class' for annotation type [org.springframework.test.context.ActiveProfiles] and class [com.shopvintage.auctions.AuctionsApplicationTests]
20:59:03.925 [Test worker] DEBUG org.springframework.context.annotation.ClassPathScanningCandidateComponentProvider - Identified candidate component class: file [/Users/alfredobenaute/work/purple/bootcamp/spring-boot-cloud/shopvintage/shopvintage-auctions/build/classes/java/main/com/shopvintage/auctions/AuctionsApplication.class]
20:59:03.926 [Test worker] INFO org.springframework.boot.test.context.SpringBootTestContextBootstrapper - Found @SpringBootConfiguration com.shopvintage.auctions.AuctionsApplication for test class com.shopvintage.auctions.AuctionsApplicationTests
20:59:03.995 [Test worker] DEBUG org.springframework.boot.test.context.SpringBootTestContextBootstrapper - @TestExecutionListeners is not present for class [com.shopvintage.auctions.AuctionsApplicationTests]: using defaults.
20:59:03.996 [Test worker] INFO org.springframework.boot.test.context.SpringBootTestContextBootstrapper - Loaded default TestExecutionListener class names from location [META-INF/spring.factories]: [org.springframework.boot.test.autoconfigure.restdocs.RestDocsTestExecutionListener, org.springframework.boot.test.autoconfigure.web.client.MockRestServiceServerResetTestExecutionListener, org.springframework.boot.test.autoconfigure.web.servlet.MockMvcPrintOnlyOnFailureTestExecutionListener, org.springframework.boot.test.autoconfigure.web.servlet.WebDriverTestExecutionListener, org.springframework.boot.test.autoconfigure.webservices.client.MockWebServiceServerTestExecutionListener, org.springframework.boot.test.mock.mockito.MockitoTestExecutionListener, org.springframework.boot.test.mock.mockito.ResetMocksTestExecutionListener, org.springframework.test.context.web.ServletTestExecutionListener, org.springframework.test.context.support.DirtiesContextBeforeModesTestExecutionListener, org.springframework.test.context.event.ApplicationEventsTestExecutionListener, org.springframework.test.context.support.DependencyInjectionTestExecutionListener, org.springframework.test.context.support.DirtiesContextTestExecutionListener, org.springframework.test.context.transaction.TransactionalTestExecutionListener, org.springframework.test.context.jdbc.SqlScriptsTestExecutionListener, org.springframework.test.context.event.EventPublishingTestExecutionListener]
20:59:04.007 [Test worker] DEBUG org.springframework.boot.test.context.SpringBootTestContextBootstrapper - Skipping candidate TestExecutionListener [org.springframework.test.context.web.ServletTestExecutionListener] due to a missing dependency. Specify custom listener classes or make the default listener classes and their required dependencies available. Offending class: [javax/servlet/ServletContext]
20:59:04.013 [Test worker] INFO org.springframework.boot.test.context.SpringBootTestContextBootstrapper - Using TestExecutionListeners: [org.springframework.test.context.support.DirtiesContextBeforeModesTestExecutionListener@d6c60db, org.springframework.test.context.event.ApplicationEventsTestExecutionListener@19702bc, org.springframework.boot.test.mock.mockito.MockitoTestExecutionListener@2ec50c53, org.springframework.boot.test.autoconfigure.SpringBootDependencyInjectionTestExecutionListener@4aaa5291, org.springframework.test.context.support.DirtiesContextTestExecutionListener@242e89a7, org.springframework.test.context.transaction.TransactionalTestExecutionListener@1d15fd7c, org.springframework.test.context.jdbc.SqlScriptsTestExecutionListener@1b34cd19, org.springframework.test.context.event.EventPublishingTestExecutionListener@3123a34, org.springframework.boot.test.autoconfigure.restdocs.RestDocsTestExecutionListener@53a1f840, org.springframework.boot.test.autoconfigure.web.client.MockRestServiceServerResetTestExecutionListener@61ed1155, org.springframework.boot.test.autoconfigure.web.servlet.MockMvcPrintOnlyOnFailureTestExecutionListener@5c8c5474, org.springframework.boot.test.autoconfigure.web.servlet.WebDriverTestExecutionListener@4e5d164b, org.springframework.boot.test.autoconfigure.webservices.client.MockWebServiceServerTestExecutionListener@12629438, org.springframework.boot.test.mock.mockito.ResetMocksTestExecutionListener@1b8c5898]
20:59:04.017 [Test worker] DEBUG org.springframework.test.context.support.AbstractDirtiesContextTestExecutionListener - Before test class: context [DefaultTestContext@59dfc51e testClass = AuctionsApplicationTests, testInstance = [null], testMethod = [null], testException = [null], mergedContextConfiguration = [ReactiveWebMergedContextConfiguration@5a94c280 testClass = AuctionsApplicationTests, locations = '{}', classes = '{class com.shopvintage.auctions.AuctionsApplication}', contextInitializerClasses = '[]', activeProfiles = '{}', propertySourceLocations = '{}', propertySourceProperties = '{org.springframework.boot.test.context.SpringBootTestContextBootstrapper=true}', contextCustomizers = set[org.springframework.boot.test.autoconfigure.actuate.metrics.MetricsExportContextCustomizerFactory$DisableMetricExportContextCustomizer@79ae5774, org.springframework.boot.test.autoconfigure.properties.PropertyMappingContextCustomizer@0, org.springframework.boot.test.autoconfigure.web.servlet.WebDriverContextCustomizerFactory$Customizer@6bb234ac, org.springframework.boot.test.context.filter.ExcludeFilterContextCustomizer@640b2325, org.springframework.boot.test.json.DuplicateJsonObjectContextCustomizerFactory$DuplicateJsonObjectContextCustomizer@75771724, org.springframework.boot.test.mock.mockito.MockitoContextCustomizer@0, org.springframework.boot.test.web.client.TestRestTemplateContextCustomizer@d5d5c, org.springframework.boot.test.web.reactive.server.WebTestClientContextCustomizer@6989aed1, org.springframework.boot.test.context.SpringBootTestArgs@1, org.springframework.boot.test.context.SpringBootTestWebEnvironment@76435d4], contextLoader = 'org.springframework.boot.test.context.SpringBootContextLoader', parent = [null]], attributes = map[[empty]]], class annotated with @DirtiesContext [false] with mode [null].
20:59:04.032 [Test worker] DEBUG org.springframework.test.context.support.DependencyInjectionTestExecutionListener - Performing dependency injection for test context [[DefaultTestContext@59dfc51e testClass = AuctionsApplicationTests, testInstance = com.shopvintage.auctions.AuctionsApplicationTests@786acc50, testMethod = [null], testException = [null], mergedContextConfiguration = [ReactiveWebMergedContextConfiguration@5a94c280 testClass = AuctionsApplicationTests, locations = '{}', classes = '{class com.shopvintage.auctions.AuctionsApplication}', contextInitializerClasses = '[]', activeProfiles = '{}', propertySourceLocations = '{}', propertySourceProperties = '{org.springframework.boot.test.context.SpringBootTestContextBootstrapper=true}', contextCustomizers = set[org.springframework.boot.test.autoconfigure.actuate.metrics.MetricsExportContextCustomizerFactory$DisableMetricExportContextCustomizer@79ae5774, org.springframework.boot.test.autoconfigure.properties.PropertyMappingContextCustomizer@0, org.springframework.boot.test.autoconfigure.web.servlet.WebDriverContextCustomizerFactory$Customizer@6bb234ac, org.springframework.boot.test.context.filter.ExcludeFilterContextCustomizer@640b2325, org.springframework.boot.test.json.DuplicateJsonObjectContextCustomizerFactory$DuplicateJsonObjectContextCustomizer@75771724, org.springframework.boot.test.mock.mockito.MockitoContextCustomizer@0, org.springframework.boot.test.web.client.TestRestTemplateContextCustomizer@d5d5c, org.springframework.boot.test.web.reactive.server.WebTestClientContextCustomizer@6989aed1, org.springframework.boot.test.context.SpringBootTestArgs@1, org.springframework.boot.test.context.SpringBootTestWebEnvironment@76435d4], contextLoader = 'org.springframework.boot.test.context.SpringBootContextLoader', parent = [null]], attributes = map['org.springframework.test.context.event.ApplicationEventsTestExecutionListener.recordApplicationEvents' -> false]]].
20:59:04.055 [Test worker] DEBUG org.springframework.test.context.support.TestPropertySourceUtils - Adding inlined properties to environment: {spring.jmx.enabled=false, org.springframework.boot.test.context.SpringBootTestContextBootstrapper=true}

  .   ____          _            __ _ _
 /\\ / ___'_ __ _ _(_)_ __  __ _ \ \ \ \
( ( )\___ | '_ | '_| | '_ \/ _` | \ \ \ \
 \\/  ___)| |_)| | | | | || (_| |  ) ) ) )
  '  |____| .__|_| |_|_| |_\__, | / / / /
 =========|_|==============|___/=/_/_/_/
 :: Spring Boot ::                (v2.4.2)

2021-02-17 20:59:04.530  INFO 7789 --- [    Test worker] c.s.auctions.AuctionsApplicationTests    : Starting AuctionsApplicationTests using Java 13.0.1 on Alfredos-MacBook-Pro.local with PID 7789 (started by alfredobenaute in /Users/alfredobenaute/work/purple/bootcamp/spring-boot-cloud/shopvintage/shopvintage-auctions)
2021-02-17 20:59:04.532  INFO 7789 --- [    Test worker] c.s.auctions.AuctionsApplicationTests    : No active profile set, falling back to default profiles: default
2021-02-17 20:59:05.022  INFO 7789 --- [    Test worker] .s.d.r.c.RepositoryConfigurationDelegate : Bootstrapping Spring Data Reactive MongoDB repositories in DEFAULT mode.
2021-02-17 20:59:05.164  INFO 7789 --- [    Test worker] .s.d.r.c.RepositoryConfigurationDelegate : Finished Spring Data repository scanning in 138 ms. Found 1 Reactive MongoDB repository interfaces.
2021-02-17 20:59:05.555  INFO 7789 --- [    Test worker] org.mongodb.driver.cluster               : Cluster created with settings {hosts=[70.37.86.87:27017], mode=SINGLE, requiredClusterType=UNKNOWN, serverSelectionTimeout='30000 ms'}
2021-02-17 20:59:06.006  INFO 7789 --- [.37.86.87:27017] org.mongodb.driver.connection            : Opened connection [connectionId{localValue:2, serverValue:17}] to 70.37.86.87:27017
2021-02-17 20:59:06.006  INFO 7789 --- [.37.86.87:27017] org.mongodb.driver.connection            : Opened connection [connectionId{localValue:1, serverValue:18}] to 70.37.86.87:27017
2021-02-17 20:59:06.008  INFO 7789 --- [.37.86.87:27017] org.mongodb.driver.cluster               : Monitor thread successfully connected to server with description ServerDescription{address=70.37.86.87:27017, type=STANDALONE, state=CONNECTED, ok=true, minWireVersion=0, maxWireVersion=9, maxDocumentSize=16777216, logicalSessionTimeoutMinutes=30, roundTripTimeNanos=212819337}
2021-02-17 20:59:06.359  INFO 7789 --- [    Test worker] c.s.auctions.AuctionsApplicationTests    : Started AuctionsApplicationTests in 2.293 seconds (JVM running for 3.366)
]]></system-out>
  <system-err><![CDATA[]]></system-err>
</testsuite>
